<?xml version="1.0" encoding="UTF-8"?>
<testsuite name="com.example.restapi.RestapiApplicationTests" tests="1" skipped="0" failures="0" errors="0" timestamp="2024-06-16T10:15:30" hostname="unlimited-void-X442URR" time="0.626">
  <properties/>
  <testcase name="contextLoads()" classname="com.example.restapi.RestapiApplicationTests" time="0.626"/>
  <system-out><![CDATA[17:15:27.021 [Test worker] INFO org.springframework.test.context.support.AnnotationConfigContextLoaderUtils -- Could not detect default configuration classes for test class [com.example.restapi.RestapiApplicationTests]: RestapiApplicationTests does not declare any static, non-private, non-final, nested classes annotated with @Configuration.
17:15:27.115 [Test worker] INFO org.springframework.boot.test.context.SpringBootTestContextBootstrapper -- Found @SpringBootConfiguration com.example.restapi.RestapiApplication for test class com.example.restapi.RestapiApplicationTests
  .   ____          _            __ _ _
 /\\ / ___'_ __ _ _(_)_ __  __ _ \ \ \ \
( ( )\___ | '_ | '_| | '_ \/ _` | \ \ \ \
 \\/  ___)| |_)| | | | | || (_| |  ) ) ) )
  '  |____| .__|_| |_|_| |_\__, | / / / /
 =========|_|==============|___/=/_/_/_/

 :: Spring Boot ::                (v3.3.0)

2024-06-16T17:15:27.505+07:00  INFO 18460 --- [restapi] [    Test worker] c.e.restapi.RestapiApplicationTests      : Starting RestapiApplicationTests using Java 17.0.11 with PID 18460 (started by unlimited-void in /home/unlimited-void/Study-Java/restapi)
2024-06-16T17:15:27.507+07:00  INFO 18460 --- [restapi] [    Test worker] c.e.restapi.RestapiApplicationTests      : No active profile set, falling back to 1 default profile: "default"
2024-06-16T17:15:28.151+07:00  INFO 18460 --- [restapi] [    Test worker] .s.d.r.c.RepositoryConfigurationDelegate : Bootstrapping Spring Data JPA repositories in DEFAULT mode.
2024-06-16T17:15:28.205+07:00  INFO 18460 --- [restapi] [    Test worker] .s.d.r.c.RepositoryConfigurationDelegate : Finished Spring Data repository scanning in 46 ms. Found 3 JPA repository interfaces.
2024-06-16T17:15:28.647+07:00  INFO 18460 --- [restapi] [    Test worker] o.hibernate.jpa.internal.util.LogHelper  : HHH000204: Processing PersistenceUnitInfo [name: default]
2024-06-16T17:15:28.692+07:00  INFO 18460 --- [restapi] [    Test worker] org.hibernate.Version                    : HHH000412: Hibernate ORM core version 6.5.2.Final
2024-06-16T17:15:28.724+07:00  INFO 18460 --- [restapi] [    Test worker] o.h.c.internal.RegionFactoryInitiator    : HHH000026: Second-level cache disabled
2024-06-16T17:15:29.004+07:00  INFO 18460 --- [restapi] [    Test worker] o.s.o.j.p.SpringPersistenceUnitInfo      : No LoadTimeWeaver setup: ignoring JPA class transformer
2024-06-16T17:15:29.026+07:00  INFO 18460 --- [restapi] [    Test worker] com.zaxxer.hikari.HikariDataSource       : HikariPool-1 - Starting...
2024-06-16T17:15:29.173+07:00  INFO 18460 --- [restapi] [    Test worker] com.zaxxer.hikari.pool.HikariPool        : HikariPool-1 - Added connection conn0: url=jdbc:h2:mem:testdb user=SA
2024-06-16T17:15:29.175+07:00  INFO 18460 --- [restapi] [    Test worker] com.zaxxer.hikari.HikariDataSource       : HikariPool-1 - Start completed.
2024-06-16T17:15:29.195+07:00  WARN 18460 --- [restapi] [    Test worker] org.hibernate.orm.deprecation            : HHH90000025: H2Dialect does not need to be specified explicitly using 'hibernate.dialect' (remove the property setting and it will be selected by default)
2024-06-16T17:15:29.909+07:00  INFO 18460 --- [restapi] [    Test worker] o.h.e.t.j.p.i.JtaPlatformInitiator       : HHH000489: No JTA platform available (set 'hibernate.transaction.jta.platform' to enable JTA platform integration)
2024-06-16T17:15:29.948+07:00  INFO 18460 --- [restapi] [    Test worker] j.LocalContainerEntityManagerFactoryBean : Initialized JPA EntityManagerFactory for persistence unit 'default'
2024-06-16T17:15:30.295+07:00  WARN 18460 --- [restapi] [    Test worker] JpaBaseConfiguration$JpaWebConfiguration : spring.jpa.open-in-view is enabled by default. Therefore, database queries may be performed during view rendering. Explicitly configure spring.jpa.open-in-view to disable this warning
2024-06-16T17:15:30.316+07:00  WARN 18460 --- [restapi] [    Test worker] .s.s.UserDetailsServiceAutoConfiguration : 

Using generated security password: d673a929-0e5d-465c-94e1-5470221ec0bd

This generated password is for development use only. Your security configuration must be updated before running your application in production.

2024-06-16T17:15:30.322+07:00  INFO 18460 --- [restapi] [    Test worker] r$InitializeUserDetailsManagerConfigurer : Global AuthenticationManager configured with UserDetailsService bean with name inMemoryUserDetailsManager
2024-06-16T17:15:30.604+07:00  INFO 18460 --- [restapi] [    Test worker] o.s.s.web.DefaultSecurityFilterChain     : Will secure any request with [org.springframework.security.web.session.DisableEncodeUrlFilter@435a4d2d, org.springframework.security.web.context.request.async.WebAsyncManagerIntegrationFilter@253379ec, org.springframework.security.web.context.SecurityContextHolderFilter@3445341, org.springframework.security.web.header.HeaderWriterFilter@2086f336, org.springframework.web.filter.CorsFilter@73c6ebec, org.springframework.security.web.authentication.logout.LogoutFilter@6e4ac3f5, org.springframework.security.web.authentication.www.BasicAuthenticationFilter@79d3fb99, org.springframework.security.web.savedrequest.RequestCacheAwareFilter@3100b5cf, org.springframework.security.web.servletapi.SecurityContextHolderAwareRequestFilter@20331c8e, org.springframework.security.web.authentication.AnonymousAuthenticationFilter@27d4513e, org.springframework.security.web.access.ExceptionTranslationFilter@16a78700, org.springframework.security.web.access.intercept.AuthorizationFilter@7385a72f]
2024-06-16T17:15:30.837+07:00  INFO 18460 --- [restapi] [    Test worker] o.s.b.a.h2.H2ConsoleAutoConfiguration    : H2 console available at '/h2-console'. Database available at 'jdbc:h2:mem:testdb'
2024-06-16T17:15:30.906+07:00  INFO 18460 --- [restapi] [    Test worker] c.e.restapi.RestapiApplicationTests      : Started RestapiApplicationTests in 3.662 seconds (process running for 4.697)
]]></system-out>
  <system-err><![CDATA[]]></system-err>
</testsuite>
