<?xml version="1.0" encoding="UTF-8"?>
<testsuite name="com.example.restapi.service.UserServiceTest" tests="1" skipped="0" failures="0" errors="0" timestamp="2024-06-17T13:41:49" hostname="DESKTOP-1C4CH0B" time="2.002">
  <properties/>
  <testcase name="testAuthenticationUser()" classname="com.example.restapi.service.UserServiceTest" time="2.002"/>
  <system-out><![CDATA[]]></system-out>
  <system-err><![CDATA[]]></system-err>
</testsuite>
