<?xml version="1.0" encoding="UTF-8"?>
<testsuite name="com.example.restapi.service.ProductServiceTest" tests="5" skipped="0" failures="0" errors="0" timestamp="2024-06-16T10:15:31" hostname="unlimited-void-X442URR" time="0.272">
  <properties/>
  <testcase name="testUpdateProductById()" classname="com.example.restapi.service.ProductServiceTest" time="0.243"/>
  <testcase name="testSaveProduct()" classname="com.example.restapi.service.ProductServiceTest" time="0.004"/>
  <testcase name="testDeleteProductById()" classname="com.example.restapi.service.ProductServiceTest" time="0.01"/>
  <testcase name="testGetProductById()" classname="com.example.restapi.service.ProductServiceTest" time="0.005"/>
  <testcase name="testGetAllProducts()" classname="com.example.restapi.service.ProductServiceTest" time="0.004"/>
  <system-out><![CDATA[]]></system-out>
  <system-err><![CDATA[]]></system-err>
</testsuite>
